{"C:\\Users\\arieg\\OneDrive\\Escritorio\\Ariel\\projects\\Testing\\Vitest_TesttingLibrary\\vitest_testinglibrary\\src\\App.jsx": {"path":"C:\\Users\\arieg\\OneDrive\\Escritorio\\Ariel\\projects\\Testing\\Vitest_TesttingLibrary\\vitest_testinglibrary\\src\\App.jsx","all":true,"statementMap":{"0":{"start":{"line":1,"column":0},"end":{"line":1,"column":16}},"1":{"start":{"line":2,"column":0},"end":{"line":2,"column":24}},"2":{"start":{"line":3,"column":0},"end":{"line":3,"column":1}},"3":{"start":{"line":4,"column":0},"end":{"line":4,"column":0}},"4":{"start":{"line":5,"column":0},"end":{"line":5,"column":19}}},"s":{"0":0,"1":0,"2":0,"3":0,"4":0},"branchMap":{"0":{"type":"branch","line":1,"loc":{"start":{"line":1,"column":0},"end":{"line":5,"column":-36}},"locations":[{"start":{"line":1,"column":0},"end":{"line":5,"column":-36}}]}},"b":{"0":[0]},"fnMap":{"0":{"name":"(empty-report)","decl":{"start":{"line":1,"column":0},"end":{"line":5,"column":-36}},"loc":{"start":{"line":1,"column":0},"end":{"line":5,"column":-36}},"line":1}},"f":{"0":0}}
,"C:\\Users\\arieg\\OneDrive\\Escritorio\\Ariel\\projects\\Testing\\Vitest_TesttingLibrary\\vitest_testinglibrary\\src\\main.jsx": {"path":"C:\\Users\\arieg\\OneDrive\\Escritorio\\Ariel\\projects\\Testing\\Vitest_TesttingLibrary\\vitest_testinglibrary\\src\\main.jsx","all":true,"statementMap":{"0":{"start":{"line":1,"column":0},"end":{"line":1,"column":26}},"1":{"start":{"line":2,"column":0},"end":{"line":2,"column":40}},"2":{"start":{"line":3,"column":0},"end":{"line":3,"column":28}},"3":{"start":{"line":4,"column":0},"end":{"line":4,"column":0}},"4":{"start":{"line":5,"column":0},"end":{"line":5,"column":60}},"5":{"start":{"line":6,"column":0},"end":{"line":6,"column":20}},"6":{"start":{"line":7,"column":0},"end":{"line":7,"column":11}},"7":{"start":{"line":8,"column":0},"end":{"line":8,"column":21}},"8":{"start":{"line":9,"column":0},"end":{"line":9,"column":2}}},"s":{"0":0,"1":0,"2":0,"3":0,"4":0,"5":0,"6":0,"7":0,"8":0},"branchMap":{"0":{"type":"branch","line":1,"loc":{"start":{"line":1,"column":216},"end":{"line":9,"column":2}},"locations":[{"start":{"line":1,"column":216},"end":{"line":9,"column":2}}]}},"b":{"0":[0]},"fnMap":{"0":{"name":"(empty-report)","decl":{"start":{"line":1,"column":216},"end":{"line":9,"column":2}},"loc":{"start":{"line":1,"column":216},"end":{"line":9,"column":2}},"line":1}},"f":{"0":0}}
,"C:\\Users\\arieg\\OneDrive\\Escritorio\\Ariel\\projects\\Testing\\Vitest_TesttingLibrary\\vitest_testinglibrary\\src\\utils.jsx": {"path":"C:\\Users\\arieg\\OneDrive\\Escritorio\\Ariel\\projects\\Testing\\Vitest_TesttingLibrary\\vitest_testinglibrary\\src\\utils.jsx","all":false,"statementMap":{"0":{"start":{"line":1,"column":0},"end":{"line":1,"column":38}},"1":{"start":{"line":2,"column":0},"end":{"line":2,"column":64}},"2":{"start":{"line":3,"column":0},"end":{"line":3,"column":2}}},"s":{"0":1,"1":4,"2":4},"branchMap":{"0":{"type":"branch","line":1,"loc":{"start":{"line":1,"column":21},"end":{"line":3,"column":2}},"locations":[{"start":{"line":1,"column":21},"end":{"line":3,"column":2}}]},"1":{"type":"branch","line":2,"loc":{"start":{"line":2,"column":44},"end":{"line":2,"column":62}},"locations":[{"start":{"line":2,"column":44},"end":{"line":2,"column":62}}]}},"b":{"0":[4],"1":[19]},"fnMap":{"0":{"name":"range","decl":{"start":{"line":1,"column":21},"end":{"line":3,"column":2}},"loc":{"start":{"line":1,"column":21},"end":{"line":3,"column":2}},"line":1}},"f":{"0":4}}
,"C:\\Users\\arieg\\OneDrive\\Escritorio\\Ariel\\projects\\Testing\\Vitest_TesttingLibrary\\vitest_testinglibrary\\src\\ErrorMessage\\ErrorMessage.jsx": {"path":"C:\\Users\\arieg\\OneDrive\\Escritorio\\Ariel\\projects\\Testing\\Vitest_TesttingLibrary\\vitest_testinglibrary\\src\\ErrorMessage\\ErrorMessage.jsx","all":false,"statementMap":{"0":{"start":{"line":1,"column":0},"end":{"line":1,"column":26}},"1":{"start":{"line":2,"column":0},"end":{"line":2,"column":0}},"2":{"start":{"line":3,"column":0},"end":{"line":3,"column":61}},"3":{"start":{"line":4,"column":0},"end":{"line":4,"column":62}},"4":{"start":{"line":5,"column":0},"end":{"line":5,"column":1}}},"s":{"0":1,"1":1,"2":1,"3":1,"4":1},"branchMap":{"0":{"type":"branch","line":3,"loc":{"start":{"line":3,"column":0},"end":{"line":5,"column":1}},"locations":[{"start":{"line":3,"column":0},"end":{"line":5,"column":1}}]}},"b":{"0":[1]},"fnMap":{"0":{"name":"ErrorMessage","decl":{"start":{"line":3,"column":0},"end":{"line":5,"column":1}},"loc":{"start":{"line":3,"column":0},"end":{"line":5,"column":1}},"line":3}},"f":{"0":1}}
,"C:\\Users\\arieg\\OneDrive\\Escritorio\\Ariel\\projects\\Testing\\Vitest_TesttingLibrary\\vitest_testinglibrary\\src\\Pagination\\Pagination.jsx": {"path":"C:\\Users\\arieg\\OneDrive\\Escritorio\\Ariel\\projects\\Testing\\Vitest_TesttingLibrary\\vitest_testinglibrary\\src\\Pagination\\Pagination.jsx","all":false,"statementMap":{"0":{"start":{"line":1,"column":0},"end":{"line":1,"column":26}},"1":{"start":{"line":2,"column":0},"end":{"line":2,"column":31}},"2":{"start":{"line":3,"column":0},"end":{"line":3,"column":0}},"3":{"start":{"line":4,"column":0},"end":{"line":4,"column":79}},"4":{"start":{"line":5,"column":0},"end":{"line":5,"column":46}},"5":{"start":{"line":6,"column":0},"end":{"line":6,"column":41}},"6":{"start":{"line":7,"column":0},"end":{"line":7,"column":0}},"7":{"start":{"line":8,"column":0},"end":{"line":8,"column":10}},"8":{"start":{"line":9,"column":0},"end":{"line":9,"column":31}},"9":{"start":{"line":10,"column":0},"end":{"line":10,"column":28}},"10":{"start":{"line":11,"column":0},"end":{"line":11,"column":11}},"11":{"start":{"line":12,"column":0},"end":{"line":12,"column":38}},"12":{"start":{"line":13,"column":0},"end":{"line":13,"column":20}},"13":{"start":{"line":14,"column":0},"end":{"line":14,"column":42}},"14":{"start":{"line":15,"column":0},"end":{"line":15,"column":73}},"15":{"start":{"line":16,"column":0},"end":{"line":16,"column":9}},"16":{"start":{"line":17,"column":0},"end":{"line":17,"column":51}},"17":{"start":{"line":18,"column":0},"end":{"line":18,"column":13}},"18":{"start":{"line":19,"column":0},"end":{"line":19,"column":9}},"19":{"start":{"line":20,"column":0},"end":{"line":20,"column":9}},"20":{"start":{"line":21,"column":0},"end":{"line":21,"column":4}},"21":{"start":{"line":22,"column":0},"end":{"line":22,"column":1}}},"s":{"0":1,"1":1,"2":1,"3":2,"4":2,"5":2,"6":2,"7":2,"8":2,"9":2,"10":10,"11":10,"12":10,"13":10,"14":10,"15":10,"16":10,"17":10,"18":2,"19":2,"20":2,"21":2},"branchMap":{"0":{"type":"branch","line":4,"loc":{"start":{"line":4,"column":0},"end":{"line":22,"column":1}},"locations":[{"start":{"line":4,"column":0},"end":{"line":22,"column":1}}]},"1":{"type":"branch","line":10,"loc":{"start":{"line":10,"column":17},"end":{"line":18,"column":13}},"locations":[{"start":{"line":10,"column":17},"end":{"line":18,"column":13}}]},"2":{"type":"branch","line":15,"loc":{"start":{"line":15,"column":50},"end":{"line":15,"column":68}},"locations":[{"start":{"line":15,"column":50},"end":{"line":15,"column":68}}]},"3":{"type":"branch","line":15,"loc":{"start":{"line":15,"column":57},"end":{"line":15,"column":70}},"locations":[{"start":{"line":15,"column":57},"end":{"line":15,"column":70}}]},"4":{"type":"branch","line":14,"loc":{"start":{"line":14,"column":19},"end":{"line":14,"column":42}},"locations":[{"start":{"line":14,"column":19},"end":{"line":14,"column":42}}]}},"b":{"0":[2],"1":[10],"2":[2],"3":[8],"4":[1]},"fnMap":{"0":{"name":"Pagination","decl":{"start":{"line":4,"column":0},"end":{"line":22,"column":1}},"loc":{"start":{"line":4,"column":0},"end":{"line":22,"column":1}},"line":4},"1":{"name":"onClick","decl":{"start":{"line":14,"column":19},"end":{"line":14,"column":42}},"loc":{"start":{"line":14,"column":19},"end":{"line":14,"column":42}},"line":14}},"f":{"0":2,"1":1}}
}
